<?xml version="1.0" encoding="UTF-8"?>
<testng-results ignored="0" total="2" passed="2" failed="0" skipped="0">
  <reporter-output>
  </reporter-output>
  <suite started-at="2025-04-20T22:17:05 IST" name="Surefire suite" finished-at="2025-04-20T22:17:06 IST" duration-ms="1883">
    <groups>
    </groups>
    <test started-at="2025-04-20T22:17:05 IST" name="Surefire test" finished-at="2025-04-20T22:17:06 IST" duration-ms="1883">
      <class name="com.selenium.tests.LoginTest">
        <test-method is-config="true" signature="setup()[pri:0, instance:com.selenium.tests.LoginTest@1f0f1111]" started-at="2025-04-20T22:17:05 IST" name="setup" finished-at="2025-04-20T22:17:06 IST" duration-ms="1445" status="PASS">
          <reporter-output>
          </reporter-output>
        </test-method> <!-- setup -->
        <test-method signature="testLogin()[pri:0, instance:com.selenium.tests.LoginTest@1f0f1111]" started-at="2025-04-20T22:17:06 IST" name="testLogin" finished-at="2025-04-20T22:17:06 IST" duration-ms="220" status="PASS">
          <reporter-output>
          </reporter-output>
        </test-method> <!-- testLogin -->
        <test-method is-config="true" signature="tearDown()[pri:0, instance:com.selenium.tests.LoginTest@1f0f1111]" started-at="2025-04-20T22:17:06 IST" name="tearDown" finished-at="2025-04-20T22:17:06 IST" duration-ms="183" status="PASS">
          <reporter-output>
          </reporter-output>
        </test-method> <!-- tearDown -->
      </class> <!-- com.selenium.tests.LoginTest -->
      <class name="com.selenium.AppTest">
        <test-method signature="testExample()[pri:0, instance:com.selenium.AppTest@7219ec67]" started-at="2025-04-20T22:17:06 IST" name="testExample" finished-at="2025-04-20T22:17:06 IST" duration-ms="3" status="PASS">
          <reporter-output>
          </reporter-output>
        </test-method> <!-- testExample -->
      </class> <!-- com.selenium.AppTest -->
    </test> <!-- Surefire test -->
  </suite> <!-- Surefire suite -->
</testng-results>
